\BOOKMARK [-1][-]{part.1}{I Project Description}{}% 1
\BOOKMARK [0][-]{chapter.1}{High level}{part.1}% 2
\BOOKMARK [0][-]{chapter.2}{Technical description}{part.1}% 3
\BOOKMARK [1][-]{section.2.1}{Back-end API}{chapter.2}% 4
\BOOKMARK [1][-]{section.2.2}{Database settings}{chapter.2}% 5
\BOOKMARK [1][-]{section.2.3}{How to use}{chapter.2}% 6
\BOOKMARK [2][-]{subsection.2.3.1}{Set-up the backend API}{section.2.3}% 7
\BOOKMARK [2][-]{subsection.2.3.2}{Set-up the database}{section.2.3}% 8
\BOOKMARK [2][-]{subsection.2.3.3}{Interact with the backend API}{section.2.3}% 9
\BOOKMARK [1][-]{section.2.4}{Search algorithm}{chapter.2}% 10
\BOOKMARK [2][-]{subsection.2.4.1}{Part 1 : Square ID selection}{section.2.4}% 11
\BOOKMARK [2][-]{subsection.2.4.2}{Part 2 : Vector direction angle}{section.2.4}% 12
\BOOKMARK [2][-]{subsection.2.4.3}{Part 3 : K-d tree algorithm}{section.2.4}% 13
\BOOKMARK [1][-]{section.2.5}{Application design}{chapter.2}% 14
\BOOKMARK [-1][-]{part.2}{II Features}{}% 15
\BOOKMARK [0][-]{chapter.3}{Backend API}{part.2}% 16
\BOOKMARK [1][-]{section.3.1}{Ready}{chapter.3}% 17
\BOOKMARK [2][-]{subsection.3.1.1}{Global}{section.3.1}% 18
\BOOKMARK [2][-]{subsection.3.1.2}{Users}{section.3.1}% 19
\BOOKMARK [2][-]{subsection.3.1.3}{Routes}{section.3.1}% 20
\BOOKMARK [2][-]{subsection.3.1.4}{Route Dates}{section.3.1}% 21
\BOOKMARK [2][-]{subsection.3.1.5}{Rides}{section.3.1}% 22
\BOOKMARK [2][-]{subsection.3.1.6}{Passenger}{section.3.1}% 23
\BOOKMARK [2][-]{subsection.3.1.7}{Ratings}{section.3.1}% 24
\BOOKMARK [2][-]{subsection.3.1.8}{Favorite Route}{section.3.1}% 25
\BOOKMARK [1][-]{section.3.2}{To Do}{chapter.3}% 26
\BOOKMARK [0][-]{chapter.4}{Android applcation}{part.2}% 27
\BOOKMARK [0][-]{chapter.5}{iOS application}{part.2}% 28
